<?xml version="1.0" encoding="UTF-8"?>
<!-- Generated by org.testng.reporters.JUnitXMLReporter -->
<testsuite ignored="1" hostname="DESKTOP-4H5FPDV" failures="2" tests="10" name="Executed all test cases via PackageName" time="0.073" errors="0" timestamp="2023-04-15T20:32:20 IST">
  <testcase classname="textNGAnnotation.Da2TextNGAnnotation" name="putdata" time="0.0">
    <failure type="org.testng.TestNGException" message="
Parameter &amp;apos;variableName&amp;apos; is required by @Test on method putdata but has not been marked @Optional or defined
in E:\New folder\demo.workpulse.com\testng2.xml">
      <![CDATA[org.testng.TestNGException: 
Parameter 'variableName' is required by @Test on method putdata but has not been marked @Optional or defined
in E:\New folder\demo.workpulse.com\testng2.xml
at java.base/java.util.ArrayList.forEach(ArrayList.java:1511)
... Removed 26 stack frames]]>
    </failure>
  </testcase> <!-- putdata -->
  <testcase classname="textNGAnnotation.Da2TextNGAnnotation" name="putdata1" time="0.002"/>
  <testcase classname="textNGAnnotation.Da2TextNGAnnotation4" name="Valueputdata" time="0.002"/>
  <testcase classname="textNGAnnotation.Da2TextNGAnnotation4" name="putdata1" time="0.001"/>
  <testcase classname="textNGAnnotation.Da2TextNGAnnotation4" name="putmobile1" time="0.001"/>
  <testcase classname="textNGAnnotation.Da2TextNGAnnotation4" name="putmobile2" time="0.001"/>
  <testcase classname="textNGAnnotation.Day1Annotation" name="getdata" time="0.001"/>
  <testcase classname="textNGAnnotation.Day1Annotation3" name="mapData" time="0.0">
    <failure type="org.testng.TestNGException" message="
Parameter &amp;apos;variableName1&amp;apos; is required by @Test on method mapData but has not been marked @Optional or defined
in E:\New folder\demo.workpulse.com\testng2.xml">
      <![CDATA[org.testng.TestNGException: 
Parameter 'variableName1' is required by @Test on method mapData but has not been marked @Optional or defined
in E:\New folder\demo.workpulse.com\testng2.xml
at java.base/java.util.ArrayList.forEach(ArrayList.java:1511)
... Removed 26 stack frames]]>
    </failure>
  </testcase> <!-- mapData -->
  <testcase classname="textNGAnnotation.Day1Annotation3" name="setdata" time="0.001"/>
  <testcase classname="textNGAnnotation.Day1Annotation3" name="getdata" time="0.001"/>
  <testcase classname="textNGAnnotation.Day1Annotation" name="setdata" time="0.0">
    <ignored/>
  </testcase> <!-- setdata -->
</testsuite> <!-- Executed all test cases via PackageName -->
