<html>
<head>
<title>TestNG:  Executed all test cases via PackageName</title>
<link href="../testng.css" rel="stylesheet" type="text/css" />
<link href="../my-testng.css" rel="stylesheet" type="text/css" />

<style type="text/css">
.log { display: none;} 
.stack-trace { display: none;} 
</style>
<script type="text/javascript">
<!--
function flip(e) {
  current = e.style.display;
  if (current == 'block') {
    e.style.display = 'none';
    return 0;
  }
  else {
    e.style.display = 'block';
    return 1;
  }
}

function toggleBox(szDivId, elem, msg1, msg2)
{
  var res = -1;  if (document.getElementById) {
    res = flip(document.getElementById(szDivId));
  }
  else if (document.all) {
    // this is the way old msie versions work
    res = flip(document.all[szDivId]);
  }
  if(elem) {
    if(res == 0) elem.innerHTML = msg1; else elem.innerHTML = msg2;
  }

}

function toggleAllBoxes() {
  if (document.getElementsByTagName) {
    d = document.getElementsByTagName('div');
    for (i = 0; i < d.length; i++) {
      if (d[i].className == 'log') {
        flip(d[i]);
      }
    }
  }
}

// -->
</script>

</head>
<body>
<h2 align='center'>Executed all test cases via PackageName</h2><table border='1' align="center">
<tr>
<td>Tests passed/Failed/Skipped:</td><td>8/2/0</td>
</tr><tr>
<td>Started on:</td><td>Sat Apr 15 20:32:20 IST 2023</td>
</tr>
<tr><td>Total time:</td><td>0 seconds (73 ms)</td>
</tr><tr>
<td>Included groups:</td><td></td>
</tr><tr>
<td>Excluded groups:</td><td></td>
</tr>
</table><p/>
<small><i>(Hover the method name to see the test class name)</i></small><p/>
<table width='100%' border='1' class='invocation-failed'>
<tr><td colspan='4' align='center'><b>FAILED TESTS</b></td></tr>
<tr><td><b>Test method</b></td>
<td width="30%"><b>Exception</b></td>
<td width="10%"><b>Time (seconds)</b></td>
<td><b>Instance</b></td>
</tr>
<tr>
<td title='textNGAnnotation.Da2TextNGAnnotation.putdata()'><b>putdata</b><br>Test class: textNGAnnotation.Da2TextNGAnnotation</td>
<td><div><pre>org.testng.TestNGException: 
Parameter &apos;variableName&apos; is required by @Test on method putdata but has not been marked @Optional or defined
in E:\New folder\demo.workpulse.com\testng2.xml
	at java.base/java.util.ArrayList.forEach(ArrayList.java:1511)
... Removed 26 stack frames</pre></div><a href='#' onClick='toggleBox("stack-trace2014838114", this, "Click to show all stack frames", "Click to hide stack frames")'>Click to show all stack frames</a>
<div class='stack-trace' id='stack-trace2014838114'><pre>org.testng.TestNGException: 
Parameter &apos;variableName&apos; is required by @Test on method putdata but has not been marked @Optional or defined
in E:\New folder\demo.workpulse.com\testng2.xml
	at org.testng.internal.Parameters.createParams(Parameters.java:270)
	at org.testng.internal.Parameters.createParametersForMethod(Parameters.java:358)
	at org.testng.internal.Parameters.createParameters(Parameters.java:700)
	at org.testng.internal.Parameters.handleParameters(Parameters.java:884)
	at org.testng.internal.Parameters.handleParameters(Parameters.java:740)
	at org.testng.internal.ParameterHandler.handleParameters(ParameterHandler.java:59)
	at org.testng.internal.ParameterHandler.createParameters(ParameterHandler.java:38)
	at org.testng.internal.TestInvoker$MethodInvocationAgent.invoke(TestInvoker.java:791)
	at org.testng.internal.TestInvoker.invokeTestMethods(TestInvoker.java:146)
	at org.testng.internal.TestMethodWorker.invokeTestMethods(TestMethodWorker.java:146)
	at org.testng.internal.TestMethodWorker.run(TestMethodWorker.java:128)
	at java.base/java.util.ArrayList.forEach(ArrayList.java:1511)
	at org.testng.TestRunner.privateRun(TestRunner.java:794)
	at org.testng.TestRunner.run(TestRunner.java:596)
	at org.testng.SuiteRunner.runTest(SuiteRunner.java:377)
	at org.testng.SuiteRunner.runSequentially(SuiteRunner.java:371)
	at org.testng.SuiteRunner.privateRun(SuiteRunner.java:332)
	at org.testng.SuiteRunner.run(SuiteRunner.java:276)
	at org.testng.SuiteRunnerWorker.runSuite(SuiteRunnerWorker.java:53)
	at org.testng.SuiteRunnerWorker.run(SuiteRunnerWorker.java:96)
	at org.testng.TestNG.runSuitesSequentially(TestNG.java:1212)
	at org.testng.TestNG.runSuitesLocally(TestNG.java:1134)
	at org.testng.TestNG.runSuites(TestNG.java:1063)
	at org.testng.TestNG.run(TestNG.java:1031)
	at org.testng.remote.AbstractRemoteTestNG.run(AbstractRemoteTestNG.java:115)
	at org.testng.remote.RemoteTestNG.initAndRun(RemoteTestNG.java:251)
	at org.testng.remote.RemoteTestNG.main(RemoteTestNG.java:77)
</pre></div></td>
<td>0</td>
<td>textNGAnnotation.Da2TextNGAnnotation@4a94ee4</td></tr>
<tr>
<td title='textNGAnnotation.Day1Annotation3.mapData()'><b>mapData</b><br>Test class: textNGAnnotation.Day1Annotation3</td>
<td><div><pre>org.testng.TestNGException: 
Parameter &apos;variableName1&apos; is required by @Test on method mapData but has not been marked @Optional or defined
in E:\New folder\demo.workpulse.com\testng2.xml
	at java.base/java.util.ArrayList.forEach(ArrayList.java:1511)
... Removed 26 stack frames</pre></div><a href='#' onClick='toggleBox("stack-trace1866850137", this, "Click to show all stack frames", "Click to hide stack frames")'>Click to show all stack frames</a>
<div class='stack-trace' id='stack-trace1866850137'><pre>org.testng.TestNGException: 
Parameter &apos;variableName1&apos; is required by @Test on method mapData but has not been marked @Optional or defined
in E:\New folder\demo.workpulse.com\testng2.xml
	at org.testng.internal.Parameters.createParams(Parameters.java:270)
	at org.testng.internal.Parameters.createParametersForMethod(Parameters.java:358)
	at org.testng.internal.Parameters.createParameters(Parameters.java:700)
	at org.testng.internal.Parameters.handleParameters(Parameters.java:884)
	at org.testng.internal.Parameters.handleParameters(Parameters.java:740)
	at org.testng.internal.ParameterHandler.handleParameters(ParameterHandler.java:59)
	at org.testng.internal.ParameterHandler.createParameters(ParameterHandler.java:38)
	at org.testng.internal.TestInvoker$MethodInvocationAgent.invoke(TestInvoker.java:791)
	at org.testng.internal.TestInvoker.invokeTestMethods(TestInvoker.java:146)
	at org.testng.internal.TestMethodWorker.invokeTestMethods(TestMethodWorker.java:146)
	at org.testng.internal.TestMethodWorker.run(TestMethodWorker.java:128)
	at java.base/java.util.ArrayList.forEach(ArrayList.java:1511)
	at org.testng.TestRunner.privateRun(TestRunner.java:794)
	at org.testng.TestRunner.run(TestRunner.java:596)
	at org.testng.SuiteRunner.runTest(SuiteRunner.java:377)
	at org.testng.SuiteRunner.runSequentially(SuiteRunner.java:371)
	at org.testng.SuiteRunner.privateRun(SuiteRunner.java:332)
	at org.testng.SuiteRunner.run(SuiteRunner.java:276)
	at org.testng.SuiteRunnerWorker.runSuite(SuiteRunnerWorker.java:53)
	at org.testng.SuiteRunnerWorker.run(SuiteRunnerWorker.java:96)
	at org.testng.TestNG.runSuitesSequentially(TestNG.java:1212)
	at org.testng.TestNG.runSuitesLocally(TestNG.java:1134)
	at org.testng.TestNG.runSuites(TestNG.java:1063)
	at org.testng.TestNG.run(TestNG.java:1031)
	at org.testng.remote.AbstractRemoteTestNG.run(AbstractRemoteTestNG.java:115)
	at org.testng.remote.RemoteTestNG.initAndRun(RemoteTestNG.java:251)
	at org.testng.remote.RemoteTestNG.main(RemoteTestNG.java:77)
</pre></div></td>
<td>0</td>
<td>textNGAnnotation.Day1Annotation3@6d763516</td></tr>
</table><p>
<table width='100%' border='1' class='invocation-passed'>
<tr><td colspan='4' align='center'><b>PASSED TESTS</b></td></tr>
<tr><td><b>Test method</b></td>
<td width="30%"><b>Exception</b></td>
<td width="10%"><b>Time (seconds)</b></td>
<td><b>Instance</b></td>
</tr>
<tr>
<td title='textNGAnnotation.Da2TextNGAnnotation4.Valueputdata()'><b>Valueputdata</b><br>Test class: textNGAnnotation.Da2TextNGAnnotation4</td>
<td></td>
<td>0</td>
<td>textNGAnnotation.Da2TextNGAnnotation4@5876a9af</td></tr>
<tr>
<td title='textNGAnnotation.Da2TextNGAnnotation4.putmobile1()'><b>putmobile1</b><br>Test class: textNGAnnotation.Da2TextNGAnnotation4</td>
<td></td>
<td>0</td>
<td>textNGAnnotation.Da2TextNGAnnotation4@5876a9af</td></tr>
<tr>
<td title='textNGAnnotation.Da2TextNGAnnotation.putdata1()'><b>putdata1</b><br>Test class: textNGAnnotation.Da2TextNGAnnotation</td>
<td></td>
<td>0</td>
<td>textNGAnnotation.Da2TextNGAnnotation@4a94ee4</td></tr>
<tr>
<td title='textNGAnnotation.Day1Annotation3.setdata()'><b>setdata</b><br>Test class: textNGAnnotation.Day1Annotation3</td>
<td></td>
<td>0</td>
<td>textNGAnnotation.Day1Annotation3@6d763516</td></tr>
<tr>
<td title='textNGAnnotation.Day1Annotation.getdata()'><b>getdata</b><br>Test class: textNGAnnotation.Day1Annotation</td>
<td></td>
<td>0</td>
<td>textNGAnnotation.Day1Annotation@6572421</td></tr>
<tr>
<td title='textNGAnnotation.Da2TextNGAnnotation4.putmobile2()'><b>putmobile2</b><br>Test class: textNGAnnotation.Da2TextNGAnnotation4</td>
<td></td>
<td>0</td>
<td>textNGAnnotation.Da2TextNGAnnotation4@5876a9af</td></tr>
<tr>
<td title='textNGAnnotation.Day1Annotation3.getdata()'><b>getdata</b><br>Test class: textNGAnnotation.Day1Annotation3</td>
<td></td>
<td>0</td>
<td>textNGAnnotation.Day1Annotation3@6d763516</td></tr>
<tr>
<td title='textNGAnnotation.Da2TextNGAnnotation4.putdata1()'><b>putdata1</b><br>Test class: textNGAnnotation.Da2TextNGAnnotation4</td>
<td></td>
<td>0</td>
<td>textNGAnnotation.Da2TextNGAnnotation4@5876a9af</td></tr>
</table><p>
</body>
</html>